1 - inserir
2 - remover
3 - listar
4 - sair
Entre com a sua escolha:
1 - inserir
2 - remover
3 - listar
4 - sair
Entre com a sua escolha:
Nome Email Telefone
joao da silva jsila@gmail.com +55 32 1234-4321
1 - inserir
2 - remover
3 - listar
4 - sair
Entre com a sua escolha:
1 - inserir
2 - remover
3 - listar
4 - sair
Entre com a sua escolha:
Nome Email Telefone
joao da silva jsila@gmail.com +55 32 1234-4321
Maria da Fonseca Filha maria.fonseca@bol.com.br +55 54 98765-2345
1 - inserir
2 - remover
3 - listar
4 - sair
Entre com a sua escolha:
1 - inserir
2 - remover
3 - listar
4 - sair
Entre com a sua escolha:
Nome Email Telefone
joao da silva jsila@gmail.com +55 32 1234-4321
Maria da Fonseca Filha maria.fonseca@bol.com.br +55 54 98765-2345
1 - inserir
2 - remover
3 - listar
4 - sair
Entre com a sua escolha:
1 - inserir
2 - remover
3 - listar
4 - sair
Entre com a sua escolha:
Nome Email Telefone
joao da silva jsila@gmail.com +55 32 1234-4321
Maria da Fonseca Filha maria.fonseca@bol.com.br +55 54 98765-2345
Jou A Kin kin.jou@tetaco.nacara.com.jp +23 12 12345-6789
1 - inserir
2 - remover
3 - listar
4 - sair
Entre com a sua escolha:
1 - inserir
2 - remover
3 - listar
4 - sair
Entre com a sua escolha:
Nome Email Telefone
joao da silva jsila@gmail.com +55 32 1234-4321
Maria da Fonseca Filha maria.fonseca@bol.com.br +55 54 98765-2345
Jou A Kin kin.jou@tetaco.nacara.com.jp +23 12 12345-6789
1 - inserir
2 - remover
3 - listar
4 - sair
Entre com a sua escolha:
1 - inserir
2 - remover
3 - listar
4 - sair
Entre com a sua escolha:
Nome Email Telefone
joao da silva jsila@gmail.com +55 32 1234-4321
Jou A Kin kin.jou@tetaco.nacara.com.jp +23 12 12345-6789
1 - inserir
2 - remover
3 - listar
4 - sair
Entre com a sua escolha:
1 - inserir
2 - remover
3 - listar
4 - sair
Entre com a sua escolha:
Nome Email Telefone
joao da silva jsila@gmail.com +55 32 1234-4321
1 - inserir
2 - remover
3 - listar
4 - sair
Entre com a sua escolha:
1 - inserir
2 - remover
3 - listar
4 - sair
Entre com a sua escolha:
Nome Email Telefone
1 - inserir
2 - remover
3 - listar
4 - sair
Entre com a sua escolha:
1 - inserir
2 - remover
3 - listar
4 - sair
Entre com a sua escolha:
Nome Email Telefone
Manuael da Silva manuel@silva.com.pt +12 34 56789-1234
1 - inserir
2 - remover
3 - listar
4 - sair
Entre com a sua escolha:
Programa encerrado!