1 - ler dados da disciplina
2 - mostrar os dados da disciplina
3 - sair
Entre com a sua opcao:
1 - ler dados da disciplina
2 - mostrar os dados da disciplina
3 - sair
Entre com a sua opcao:
Codigo    : 9876
Nome      : Jose das Coves
Professor : Mozar Baptista da Silva
Creditos  : 3
Ano       : 2020
Semestre  : 1
Nota1     : 1.50
Nota2     : 9.80
Media     : 7.03
1 - ler dados da disciplina
2 - mostrar os dados da disciplina
3 - sair
Entre com a sua opcao:
Obrigado por utilizar o programa de cadastro, volte sempre!
