1 - inicializar
2 - inserir nova disciplina
3 - listar historico
4 - sair
Entre com a sua opcao:
1 - inicializar
2 - inserir nova disciplina
3 - listar historico
4 - sair
Entre com a sua opcao:
1 - inicializar
2 - inserir nova disciplina
3 - listar historico
4 - sair
Entre com a sua opcao:
Cod. Nome                                               Cred  Ano/S Media
1 - inicializar
2 - inserir nova disciplina
3 - listar historico
4 - sair
Entre com a sua opcao:
Obrigado por utilizar o programa de cadastro, volte sempre!
