1 - inicializar
2 - inserir nova disciplina
3 - listar historico
4 - sair
Entre com a sua opcao:
Disciplina inserida com sucesso!
1 - inicializar
2 - inserir nova disciplina
3 - listar historico
4 - sair
Entre com a sua opcao:
Disciplina inserida com sucesso!
1 - inicializar
2 - inserir nova disciplina
3 - listar historico
4 - sair
Entre com a sua opcao:
1 - inicializar
2 - inserir nova disciplina
3 - listar historico
4 - sair
Entre com a sua opcao:
1 - inicializar
2 - inserir nova disciplina
3 - listar historico
4 - sair
Entre com a sua opcao:
Disciplina inserida com sucesso!
1 - inicializar
2 - inserir nova disciplina
3 - listar historico
4 - sair
Entre com a sua opcao:
Disciplina inserida com sucesso!
1 - inicializar
2 - inserir nova disciplina
3 - listar historico
4 - sair
Entre com a sua opcao:
Cod. Nome                                               Cred  Ano/S Media
9876 Calculo I                                             6 2020/1 07.03
0001 Ingles Tecnico                                        3 2020/1 06.67
1001 Programacao Orientada a Objetos                       3 2020/1 07.30
1010 Programacao em Java                                   3 2020/1 10.00
1 - inicializar
2 - inserir nova disciplina
3 - listar historico
4 - sair
Entre com a sua opcao:
Obrigado por utilizar o programa de cadastro, volte sempre!
