1 - inserir
2 - remover
3 - consultar
4 - alterar
5 - listar
6 - sair
Entre com a sua escolha:
1 - inserir
2 - remover
3 - consultar
4 - alterar
5 - listar
6 - sair
Entre com a sua escolha:
1 - inserir
2 - remover
3 - consultar
4 - alterar
5 - listar
6 - sair
Entre com a sua escolha:
1 - inserir
2 - remover
3 - consultar
4 - alterar
5 - listar
6 - sair
Entre com a sua escolha:
1 - inserir
2 - remover
3 - consultar
4 - alterar
5 - listar
6 - sair
Entre com a sua escolha:
1 - inserir
2 - remover
3 - consultar
4 - alterar
5 - listar
6 - sair
Entre com a sua escolha:
Codigo Nome Preco
00101 coca-colecao R$ 2.50
00201 x-tudo R$ 7.50
00202 pao com ovo R$ 1.50
00203 pao com linguica R$ 2.50
00204 Hamburguer R$ 3.00
1 - inserir
2 - remover
3 - consultar
4 - alterar
5 - listar
6 - sair
Entre com a sua escolha:
Programa encerrado!