1 - inserir nova disciplina
2 - remover disciplina pelo codigo
3 - alterar disciplina pelo codigo
4 - listar todas as disciplinas
5 - listar disciplinas de um ano/semestre
6 - listar disciplinas pelo nome/professor
7 - Historico
8 - sair
Entre com a sua opcao:
Disciplina inserida com sucesso!
1 - inserir nova disciplina
2 - remover disciplina pelo codigo
3 - alterar disciplina pelo codigo
4 - listar todas as disciplinas
5 - listar disciplinas de um ano/semestre
6 - listar disciplinas pelo nome/professor
7 - Historico
8 - sair
Entre com a sua opcao:
Disciplina inserida com sucesso!
1 - inserir nova disciplina
2 - remover disciplina pelo codigo
3 - alterar disciplina pelo codigo
4 - listar todas as disciplinas
5 - listar disciplinas de um ano/semestre
6 - listar disciplinas pelo nome/professor
7 - Historico
8 - sair
Entre com a sua opcao:
1 - inserir nova disciplina
2 - remover disciplina pelo codigo
3 - alterar disciplina pelo codigo
4 - listar todas as disciplinas
5 - listar disciplinas de um ano/semestre
6 - listar disciplinas pelo nome/professor
7 - Historico
8 - sair
Entre com a sua opcao:
1 - inserir nova disciplina
2 - remover disciplina pelo codigo
3 - alterar disciplina pelo codigo
4 - listar todas as disciplinas
5 - listar disciplinas de um ano/semestre
6 - listar disciplinas pelo nome/professor
7 - Historico
8 - sair
Entre com a sua opcao:
Disciplina inserida com sucesso!
1 - inserir nova disciplina
2 - remover disciplina pelo codigo
3 - alterar disciplina pelo codigo
4 - listar todas as disciplinas
5 - listar disciplinas de um ano/semestre
6 - listar disciplinas pelo nome/professor
7 - Historico
8 - sair
Entre com a sua opcao:
Disciplina alterada com sucesso!
1 - inserir nova disciplina
2 - remover disciplina pelo codigo
3 - alterar disciplina pelo codigo
4 - listar todas as disciplinas
5 - listar disciplinas de um ano/semestre
6 - listar disciplinas pelo nome/professor
7 - Historico
8 - sair
Entre com a sua opcao:
Disciplina removida com sucesso!
1 - inserir nova disciplina
2 - remover disciplina pelo codigo
3 - alterar disciplina pelo codigo
4 - listar todas as disciplinas
5 - listar disciplinas de um ano/semestre
6 - listar disciplinas pelo nome/professor
7 - Historico
8 - sair
Entre com a sua opcao:
Cod. Nome                                               Cred  Ano/S Media
1010 Programacao em Java                                   3 2020/1 10.00
1001 Programacao Orientada a Objetos                       3 2020/1 07.30
Coeficiente de Rendimento                                           08.65
1 - inserir nova disciplina
2 - remover disciplina pelo codigo
3 - alterar disciplina pelo codigo
4 - listar todas as disciplinas
5 - listar disciplinas de um ano/semestre
6 - listar disciplinas pelo nome/professor
7 - Historico
8 - sair
Entre com a sua opcao:
Obrigado por utilizar o programa de cadastro, volte sempre!
