1 - inserir nova disciplina
2 - remover disciplina pelo codigo
3 - alterar disciplina pelo codigo
4 - listar todas as disciplinas
5 - listar disciplinas de um ano/semestre
6 - listar disciplinas pelo nome/professor
7 - Historico
8 - sair
Entre com a sua opcao:
Cod. Nome                                               Cred  Ano/S Media
Coeficiente de Rendimento                                           00.00
1 - inserir nova disciplina
2 - remover disciplina pelo codigo
3 - alterar disciplina pelo codigo
4 - listar todas as disciplinas
5 - listar disciplinas de um ano/semestre
6 - listar disciplinas pelo nome/professor
7 - Historico
8 - sair
Entre com a sua opcao:
Disciplina inserida com sucesso!
1 - inserir nova disciplina
2 - remover disciplina pelo codigo
3 - alterar disciplina pelo codigo
4 - listar todas as disciplinas
5 - listar disciplinas de um ano/semestre
6 - listar disciplinas pelo nome/professor
7 - Historico
8 - sair
Entre com a sua opcao:
Cod. Nome                                               Cred  Ano/S Media
9876 Calculo I                                             6 2020/1 07.03
1 - inserir nova disciplina
2 - remover disciplina pelo codigo
3 - alterar disciplina pelo codigo
4 - listar todas as disciplinas
5 - listar disciplinas de um ano/semestre
6 - listar disciplinas pelo nome/professor
7 - Historico
8 - sair
Entre com a sua opcao:
Cod. Nome                                               Cred  Ano/S Media
9876 Calculo I                                             6 2020/1 07.03
1 - inserir nova disciplina
2 - remover disciplina pelo codigo
3 - alterar disciplina pelo codigo
4 - listar todas as disciplinas
5 - listar disciplinas de um ano/semestre
6 - listar disciplinas pelo nome/professor
7 - Historico
8 - sair
Entre com a sua opcao:
Cod. Nome                                               Cred  Ano/S Media
1 - inserir nova disciplina
2 - remover disciplina pelo codigo
3 - alterar disciplina pelo codigo
4 - listar todas as disciplinas
5 - listar disciplinas de um ano/semestre
6 - listar disciplinas pelo nome/professor
7 - Historico
8 - sair
Entre com a sua opcao:
Cod. Nome                                               Cred  Ano/S Media
9876 Calculo I                                             6 2020/1 07.03
1 - inserir nova disciplina
2 - remover disciplina pelo codigo
3 - alterar disciplina pelo codigo
4 - listar todas as disciplinas
5 - listar disciplinas de um ano/semestre
6 - listar disciplinas pelo nome/professor
7 - Historico
8 - sair
Entre com a sua opcao:
Cod. Nome                                               Cred  Ano/S Media
1 - inserir nova disciplina
2 - remover disciplina pelo codigo
3 - alterar disciplina pelo codigo
4 - listar todas as disciplinas
5 - listar disciplinas de um ano/semestre
6 - listar disciplinas pelo nome/professor
7 - Historico
8 - sair
Entre com a sua opcao:
Cod. Nome                                               Cred  Ano/S Media
9876 Calculo I                                             6 2020/1 07.03
1 - inserir nova disciplina
2 - remover disciplina pelo codigo
3 - alterar disciplina pelo codigo
4 - listar todas as disciplinas
5 - listar disciplinas de um ano/semestre
6 - listar disciplinas pelo nome/professor
7 - Historico
8 - sair
Entre com a sua opcao:
Cod. Nome                                               Cred  Ano/S Media
1 - inserir nova disciplina
2 - remover disciplina pelo codigo
3 - alterar disciplina pelo codigo
4 - listar todas as disciplinas
5 - listar disciplinas de um ano/semestre
6 - listar disciplinas pelo nome/professor
7 - Historico
8 - sair
Entre com a sua opcao:
Cod. Nome                                               Cred  Ano/S Media
9876 Calculo I                                             6 2020/1 07.03
Coeficiente de Rendimento                                           07.03
1 - inserir nova disciplina
2 - remover disciplina pelo codigo
3 - alterar disciplina pelo codigo
4 - listar todas as disciplinas
5 - listar disciplinas de um ano/semestre
6 - listar disciplinas pelo nome/professor
7 - Historico
8 - sair
Entre com a sua opcao:
Obrigado por utilizar o programa de cadastro, volte sempre!
