1 - inserir pessoa fisica
2 - inserir pessoa juridica
3 - remover
4 - consultar
5 - ir
6 - listar
7 - sair
Entre com a sua escolha:
1 - inserir pessoa fisica
2 - inserir pessoa juridica
3 - remover
4 - consultar
5 - ir
6 - listar
7 - sair
Entre com a sua escolha:
1 - inserir pessoa fisica
2 - inserir pessoa juridica
3 - remover
4 - consultar
5 - ir
6 - listar
7 - sair
Entre com a sua escolha:
1 - inserir pessoa fisica
2 - inserir pessoa juridica
3 - remover
4 - consultar
5 - ir
6 - listar
7 - sair
Entre com a sua escolha:
1 - inserir pessoa fisica
2 - inserir pessoa juridica
3 - remover
4 - consultar
5 - ir
6 - listar
7 - sair
Entre com a sua escolha:
R$ 2497.47
1 - inserir pessoa fisica
2 - inserir pessoa juridica
3 - remover
4 - consultar
5 - ir
6 - listar
7 - sair
Entre com a sua escolha:
Codigo : 1
Nome : Joao da Silva
Renda Anual : 25310.16
CPF : 111.111.111-11
Profissao : Professor
Dependentes : 2
1 - inserir pessoa fisica
2 - inserir pessoa juridica
3 - remover
4 - consultar
5 - ir
6 - listar
7 - sair
Entre com a sua escolha:
R$ 86419.73
1 - inserir pessoa fisica
2 - inserir pessoa juridica
3 - remover
4 - consultar
5 - ir
6 - listar
7 - sair
Entre com a sua escolha:
Codigo : 1001
Nome : Biju-vc-terias
Renda Anual : 123456.78
CNPJ : 123.123.123/0001-12
Inscr. Mun. : 1234
Inscr. Est. : 4321
1 - inserir pessoa fisica
2 - inserir pessoa juridica
3 - remover
4 - consultar
5 - ir
6 - listar
7 - sair
Entre com a sua escolha:
Programa encerrado!