1 - inserir pessoa fisica
2 - inserir pessoa juridica
3 - remover
4 - consultar
5 - ir
6 - listar
7 - sair
Entre com a sua escolha:
1 - inserir pessoa fisica
2 - inserir pessoa juridica
3 - remover
4 - consultar
5 - ir
6 - listar
7 - sair
Entre com a sua escolha:
1 - inserir pessoa fisica
2 - inserir pessoa juridica
3 - remover
4 - consultar
5 - ir
6 - listar
7 - sair
Entre com a sua escolha:
1 - inserir pessoa fisica
2 - inserir pessoa juridica
3 - remover
4 - consultar
5 - ir
6 - listar
7 - sair
Entre com a sua escolha:
1 - inserir pessoa fisica
2 - inserir pessoa juridica
3 - remover
4 - consultar
5 - ir
6 - listar
7 - sair
Entre com a sua escolha:
Codigo Nome F/J CPF/CNPJ IR
00001 Joao da Silva F 111.111.111-11 R$ 1771.71
01001 Biju-vc-terias J 123.123.123/0001-12 R$ 18518.52
01002 123 Xerox J 444.444.444/0004-44 R$ 86419.73
00002 Maria das Gracas F 222.222.222-22 R$ 2497.47
1 - inserir pessoa fisica
2 - inserir pessoa juridica
3 - remover
4 - consultar
5 - ir
6 - listar
7 - sair
Entre com a sua escolha:
1 - inserir pessoa fisica
2 - inserir pessoa juridica
3 - remover
4 - consultar
5 - ir
6 - listar
7 - sair
Entre com a sua escolha:
1 - inserir pessoa fisica
2 - inserir pessoa juridica
3 - remover
4 - consultar
5 - ir
6 - listar
7 - sair
Entre com a sua escolha:
Codigo Nome F/J CPF/CNPJ IR
00001 Joao da Silva F 111.111.111-11 R$ 1771.71
01002 123 Xerox J 444.444.444/0004-44 R$ 86419.73
1 - inserir pessoa fisica
2 - inserir pessoa juridica
3 - remover
4 - consultar
5 - ir
6 - listar
7 - sair
Entre com a sua escolha:
Programa encerrado!